0.03200507164001465
0.029170513153076172
0.03873085975646973
0.04541373252868652
0.019376516342163086
0.015811443328857422
0.031601905822753906
0.01802372932434082
0.030112028121948242
0.03452038764953613
0.008112668991088867
0.007985353469848633
0.008359432220458984
0.008363008499145508
0.008488178253173828
0.007814645767211914
0.009469270706176758
0.008912801742553711
0.00875997543334961
0.008000373840332031
0.007835149765014648
0.008503437042236328
0.007735013961791992
0.009166717529296875
0.009538650512695312
0.009652137756347656
0.008915424346923828
0.010400533676147461
0.009468793869018555
0.009856462478637695
0.01175999641418457
0.013519525527954102
0.01090550422668457
0.007473945617675781
0.007156848907470703
0.00885152816772461
0.010484933853149414
0.01050877571105957
0.009395360946655273
0.009478569030761719
0.008922576904296875
0.00876164436340332
0.009428024291992188
0.008939266204833984
0.008735418319702148
0.009032726287841797
0.010642528533935547
0.010381698608398438
0.009021282196044922
0.009130716323852539
0.007991313934326172
0.008448123931884766
0.008249282836914062
0.007737159729003906
0.00783681869506836
0.013547897338867188
0.007276058197021484
0.007195234298706055
0.006959438323974609
0.00800466537475586
0.007746219635009766
0.007910966873168945
0.008198261260986328
0.008231163024902344
0.007411479949951172
0.008895397186279297
0.008196592330932617
0.0084686279296875
0.012380599975585938
0.01380777359008789
0.016756772994995117
0.0069048404693603516
0.008092403411865234
0.007958650588989258
0.008350610733032227
0.010700702667236328
0.009592056274414062
0.007655620574951172
0.00865030288696289
0.006796836853027344
0.010338306427001953
0.007999897003173828
0.009721994400024414
0.009560585021972656
0.009274005889892578
0.008517265319824219
0.007642507553100586
0.007993936538696289
0.007768392562866211
0.007903099060058594
0.010088682174682617
0.008805513381958008
0.009101390838623047
0.012666940689086914
0.013688325881958008
0.010055780410766602
0.009648799896240234
0.008020877838134766
0.007658243179321289
0.007714986801147461
0.008115530014038086
0.008744478225708008
0.008056402206420898
0.008081436157226562
0.011135578155517578
0.00860738754272461
0.007150173187255859
0.010947465896606445
0.008746862411499023
0.009192943572998047
0.007999181747436523
0.008340120315551758
0.008517742156982422
0.008363008499145508
0.00793004035949707
0.007467985153198242
0.00797891616821289
0.011765241622924805
0.014767169952392578
0.008195638656616211
0.008831024169921875
0.011864185333251953
0.012614727020263672
0.008434295654296875
0.008382320404052734
0.010955333709716797
0.009733200073242188
0.015118598937988281
0.01849055290222168
0.01709890365600586
0.008323192596435547
0.008970975875854492
0.009056329727172852
0.009264469146728516
0.008979082107543945
0.00841522216796875
0.009400129318237305
0.009387731552124023
0.009282350540161133
0.008842706680297852
0.008836507797241211
0.00858759880065918
0.008661270141601562
0.012616634368896484
0.0072710514068603516
0.010218143463134766
0.009523868560791016
0.007828712463378906
0.009659290313720703
0.009614229202270508
0.008081674575805664
0.01083230972290039
0.016338348388671875
0.009665250778198242
0.009635210037231445
0.010468721389770508
0.008358001708984375
0.008359193801879883
0.008774280548095703
0.008768558502197266
0.01152944564819336
0.008761167526245117
0.00898289680480957
0.011493206024169922
0.010521650314331055
0.010339021682739258
0.008552312850952148
0.009608983993530273
0.007735490798950195
0.008796453475952148
0.00832056999206543
0.007962226867675781
0.011572599411010742
0.007124662399291992
0.00841379165649414
0.007780790328979492
0.008556842803955078
0.013246297836303711
0.008935213088989258
0.008807182312011719
0.011124372482299805
0.010954856872558594
0.007955312728881836
0.014499425888061523
0.01006937026977539
0.01153254508972168
0.00997304916381836
0.008907556533813477
0.008418083190917969
0.008426904678344727
0.008109569549560547
0.008188009262084961
0.008161783218383789
0.008269309997558594
0.009359121322631836
0.008860588073730469
0.00885152816772461
0.009063959121704102
0.01022481918334961
0.008429765701293945
0.010387182235717773
0.00915217399597168
0.010325908660888672
0.007853269577026367
0.008211135864257812
0.008794546127319336
0.010137557983398438
0.010551929473876953
0.013767004013061523
0.009555816650390625
0.010035991668701172
0.010006189346313477
0.009691953659057617
0.00863504409790039
0.009130477905273438
0.015457868576049805
0.008821249008178711
0.00843954086303711
0.008824348449707031
0.02223992347717285
0.017361164093017578
0.007701396942138672
0.007516622543334961
0.00862264633178711
0.011837244033813477
0.013649463653564453
0.008318424224853516
0.01263880729675293
0.00893402099609375
0.014039754867553711
0.011706352233886719
0.009969711303710938
0.010219097137451172
0.011890649795532227
0.008476495742797852
0.00866556167602539
0.008944511413574219
0.008253097534179688
0.008591651916503906
0.007982254028320312
0.00780487060546875
0.007715702056884766
0.0078122615814208984
0.012300729751586914
0.01002049446105957
0.00970315933227539
0.008493423461914062
0.007928133010864258
0.008820295333862305
0.010408401489257812
0.011585712432861328
0.010720252990722656
0.011292695999145508
0.009914636611938477
0.008313655853271484
0.008684396743774414
0.00855255126953125
0.010058879852294922
0.00809788703918457
0.008824348449707031
0.01100015640258789
0.008533716201782227
0.015405416488647461
0.008318662643432617
0.007970571517944336
0.007699489593505859
0.011235475540161133
0.00888371467590332
0.008272171020507812
0.008170604705810547
0.011821985244750977
0.008273124694824219
0.008322000503540039
0.007649898529052734
0.00832819938659668
0.008851051330566406
0.007799386978149414
0.007912874221801758
0.008496761322021484
0.009534120559692383
0.00890660285949707
0.01085042953491211
0.0073261260986328125
0.008292436599731445
0.0075452327728271484
0.007184743881225586
0.010123729705810547
0.008950233459472656
0.009945869445800781
0.00921320915222168
0.011210203170776367
0.009022951126098633
0.008089303970336914
0.00844264030456543
0.010735273361206055
0.013005495071411133
0.012300968170166016
0.009151935577392578
0.013541460037231445
0.007889032363891602
0.008117914199829102
0.010018587112426758
0.015089273452758789
0.008960485458374023
0.012066841125488281
0.01433420181274414
0.013752460479736328
0.008443117141723633
0.00853872299194336
0.019095897674560547
0.009202241897583008
0.008155345916748047
0.008823633193969727
0.011970758438110352
0.01180410385131836
0.010248899459838867
0.009562969207763672
0.014130592346191406
0.008015871047973633
0.008902311325073242
0.011728048324584961
0.00854635238647461
0.00762629508972168
0.010132551193237305
0.009258508682250977
0.008896827697753906
0.00978541374206543
0.008232831954956055
0.00830841064453125
0.008268117904663086
0.009219646453857422
0.008628368377685547
0.00981760025024414
0.009895801544189453
0.010309696197509766
0.011301040649414062
0.008247137069702148
0.010084867477416992
0.008601665496826172
0.009179115295410156
0.013056755065917969
0.009867191314697266
0.009986400604248047
0.007903337478637695
0.00768589973449707
0.008483648300170898
0.017441987991333008
0.0151519775390625
0.011164426803588867
0.007318258285522461
0.008502483367919922
0.012814044952392578
0.009734392166137695
0.007877588272094727
0.007241725921630859
0.008023977279663086
0.011112451553344727
0.008466482162475586
0.00850057601928711
0.01134347915649414
0.008226394653320312
0.008370399475097656
0.010393857955932617
0.007424831390380859
0.006135463714599609
0.010261774063110352
0.007196187973022461
0.008173704147338867
0.008246421813964844
0.008309364318847656
0.008523225784301758
0.008670330047607422
0.009131669998168945
0.011265754699707031
0.007995843887329102
0.010562658309936523
0.008597850799560547
0.01164865493774414
0.0077092647552490234
0.008109569549560547
0.010303497314453125
0.014093875885009766
0.007843732833862305
0.01018071174621582
0.00836634635925293
0.011063337326049805
0.008268117904663086
0.013323068618774414
0.010260581970214844
0.009696245193481445
0.006812095642089844
0.007855415344238281
0.008694171905517578
0.010952949523925781
0.008168458938598633
0.008713960647583008
0.008564949035644531
0.009295463562011719
0.01024627685546875
0.009736061096191406
0.008166790008544922
0.0133514404296875
0.010626792907714844
0.011126279830932617
0.008701086044311523
0.009046554565429688
0.007866859436035156
0.011747598648071289
0.009074211120605469
0.010224103927612305
0.008040428161621094
0.00828862190246582
0.008421659469604492
0.009786128997802734
0.007712602615356445
0.009918928146362305
0.010921478271484375
0.007021188735961914
0.012372493743896484
0.009036540985107422
0.007908344268798828
0.009477615356445312
0.00702357292175293
0.006758928298950195
0.0073816776275634766
0.008580684661865234
0.00811457633972168
0.0075664520263671875
0.008831977844238281
0.007915973663330078
0.007000923156738281
0.007989883422851562
0.015061378479003906
0.007961511611938477
0.010444402694702148
0.008431673049926758
0.009196758270263672
0.008102893829345703
0.009020090103149414
0.010109901428222656
0.009325504302978516
0.007877111434936523
0.008977651596069336
0.010042428970336914
0.007942676544189453
0.012701988220214844
0.006898641586303711
0.008108139038085938
0.007748603820800781
0.009539365768432617
0.01150369644165039
0.007802009582519531
0.008909225463867188
0.006817340850830078
0.007880449295043945
0.00947713851928711
0.007458925247192383
0.0087127685546875
0.01882195472717285
0.008888721466064453
0.008571386337280273
0.007879257202148438
0.008929252624511719
0.009122848510742188
0.012059211730957031
0.008501529693603516
0.010618209838867188
0.009126424789428711
0.010901451110839844
0.015423059463500977
0.008044958114624023
0.008081674575805664
0.010428428649902344
0.01125955581665039
0.00881338119506836
0.00819706916809082
0.008801460266113281
0.010401248931884766
0.008772611618041992
0.008852958679199219
0.007439851760864258
0.008279561996459961
0.008750200271606445
0.01227116584777832
0.007454633712768555
0.010920524597167969
0.012187719345092773
0.008245468139648438
0.009063720703125
0.010287284851074219
0.010805606842041016
0.00647425651550293
0.010460615158081055
0.008944511413574219
0.007673501968383789
0.008142709732055664
0.008956432342529297
0.00757598876953125
0.00805521011352539
0.01420903205871582
0.009203910827636719
0.011264324188232422
0.006931304931640625
0.007912635803222656
0.011821269989013672
0.007738828659057617
0.006941795349121094
0.009030818939208984
0.010954141616821289
0.010946035385131836
0.010392904281616211
0.013843059539794922
0.010278701782226562
0.010093927383422852
0.008272409439086914
0.008282899856567383
0.008124589920043945
0.00883340835571289
0.014098405838012695
0.010915040969848633
0.009046316146850586
0.008196353912353516
0.00833892822265625
0.011582136154174805
0.009455680847167969
0.016190528869628906
0.007472991943359375
0.008972406387329102
0.009850025177001953
0.008310317993164062
0.0083465576171875
0.00799560546875
0.00853419303894043
0.008516788482666016
0.00823974609375
0.008725881576538086
0.007483243942260742
0.008338689804077148
0.00880885124206543
0.011777162551879883
0.008108854293823242
0.009179830551147461
0.011035680770874023
0.008903264999389648
0.01074075698852539
0.010737180709838867
0.0066759586334228516
0.007768392562866211
0.007184505462646484
0.008817434310913086
0.00757598876953125
0.008262872695922852
0.00874638557434082
0.01197361946105957
0.009164810180664062
0.008977174758911133
0.007948160171508789
0.00827479362487793
0.00824594497680664
0.009745597839355469
0.009855031967163086
0.01213216781616211
0.00822901725769043
0.0075531005859375
0.008255720138549805
0.00958251953125
0.01687932014465332
0.01521444320678711
0.010410785675048828
0.008711576461791992
0.008274555206298828
0.00823521614074707
0.008624553680419922
0.007891416549682617
0.008220434188842773
0.007833719253540039
0.008501768112182617
0.010839700698852539
0.008646726608276367
0.007352113723754883
0.007507801055908203
0.008969545364379883
0.008064985275268555
0.008920669555664062
0.010972023010253906
0.00837850570678711
0.008524656295776367
0.012945175170898438
0.010428428649902344
0.008393049240112305
0.009627819061279297
0.01094961166381836
0.009553194046020508
0.007260560989379883
0.008083820343017578
0.011428356170654297
0.011461973190307617
0.007245779037475586
0.012017011642456055
0.009600400924682617
0.009073019027709961
0.00928497314453125
0.008581876754760742
0.008692026138305664
0.011553764343261719
0.010173320770263672
0.00948643684387207
0.008140802383422852
0.012199163436889648
0.012599468231201172
0.015731334686279297
0.008202791213989258
0.009671211242675781
0.007859468460083008
0.008141279220581055
0.009112358093261719
0.009105920791625977
0.008138656616210938
0.007382869720458984
0.009361505508422852
0.008160591125488281
0.00933218002319336
0.008480548858642578
0.0079498291015625
0.008453607559204102
0.009441375732421875
0.00988626480102539
0.009948015213012695
0.008734464645385742
0.008379220962524414
0.007674694061279297
0.00924062728881836
0.008825540542602539
0.008074522018432617
0.009653329849243164
0.008283376693725586
0.009516239166259766
0.010687828063964844
0.007614612579345703
0.008016109466552734
0.011366128921508789
0.008595466613769531
0.009610414505004883
0.008482217788696289
0.007736682891845703
0.008266210556030273
0.008485078811645508
0.00885915756225586
0.008092641830444336
0.00818181037902832
0.008080720901489258
0.007895469665527344
0.008134126663208008
0.010802030563354492
0.010168075561523438
0.00860285758972168
0.007254362106323242
0.01350712776184082
0.016426801681518555
0.012553691864013672
0.010527610778808594
0.009739398956298828
0.008424043655395508
0.010848760604858398
0.008603096008300781
0.009256839752197266
0.008278846740722656
0.008098363876342773
0.010677814483642578
0.00760340690612793
0.00839853286743164
0.008195161819458008
0.012939929962158203
0.016832590103149414
0.018534421920776367
0.015350580215454102
0.015068531036376953
0.011267423629760742
0.011844158172607422
0.007572174072265625
0.00806879997253418
0.012476444244384766
0.009240388870239258
0.007966041564941406
0.007536411285400391
0.008867263793945312
0.009081125259399414
0.008651256561279297
0.008463382720947266
0.008264541625976562
0.00839686393737793
0.011200428009033203
0.009653806686401367
0.008288383483886719
0.00937652587890625
0.009331941604614258
0.008781909942626953
0.008195638656616211
0.008138656616210938
0.008806943893432617
0.011581659317016602
0.00780797004699707
0.009092569351196289
0.0074748992919921875
0.008674383163452148
0.010993242263793945
0.012359619140625
0.008438348770141602
0.008708953857421875
0.00942087173461914
0.008351564407348633
0.007943391799926758
0.00889444351196289
0.008524179458618164
0.008161306381225586
0.010643482208251953
0.00768733024597168
0.009104013442993164
0.00865483283996582
0.010004997253417969
0.008251667022705078
0.010312080383300781
0.010700464248657227
0.008652687072753906
0.009105205535888672
0.0078046321868896484
0.0123291015625
0.012064695358276367
0.01040339469909668
0.009243011474609375
0.008162260055541992
0.010120153427124023
0.007271528244018555
0.011165618896484375
0.007569789886474609
0.010327816009521484
0.0075588226318359375
0.007705211639404297
0.010686397552490234
0.008194684982299805
0.006921529769897461
0.014161348342895508
0.00800180435180664
0.008669853210449219
0.007802486419677734
0.008195638656616211
0.008555173873901367
0.008306026458740234
0.008088350296020508
0.00917196273803711
0.007460594177246094
0.007529497146606445
0.008744955062866211
0.01371145248413086
0.02474379539489746
0.025730371475219727
0.025192737579345703
0.00916910171508789
0.00888514518737793
0.007974863052368164
0.007639646530151367
0.0077207088470458984
0.0073223114013671875
0.00985264778137207
0.009766101837158203
0.008516550064086914
0.007369041442871094
0.008289337158203125
0.00957632064819336
0.008494377136230469
0.008864641189575195
0.008377790451049805
0.008446931838989258
0.008064031600952148
0.009408950805664062
0.007385730743408203
0.010787725448608398
0.010337591171264648
0.009319782257080078
0.007498502731323242
0.006287574768066406
0.007760524749755859
0.007386445999145508
0.00787353515625
0.010991573333740234
0.008108139038085938
0.0063397884368896484
0.008421659469604492
0.008354663848876953
0.00799417495727539
0.00925898551940918
0.010187864303588867
0.007272958755493164
0.010061979293823242
0.01045536994934082
0.00819253921508789
0.009544849395751953
0.008327245712280273
0.008231163024902344
0.008967876434326172
0.008181095123291016
0.008069753646850586
0.012104511260986328
0.009244680404663086
0.008028030395507812
0.01036524772644043
0.009119749069213867
0.007911920547485352
0.012988567352294922
0.0077724456787109375
0.008273124694824219
0.008067607879638672
0.010271310806274414
0.010361671447753906
0.00894474983215332
0.008356571197509766
0.008351325988769531
0.00805354118347168
0.008183002471923828
0.010813474655151367
0.010279178619384766
0.009158849716186523
0.008635997772216797
0.012091398239135742
0.007945060729980469
0.008277654647827148
0.007421016693115234
0.007083415985107422
0.007167339324951172
0.008226633071899414
0.007807254791259766
0.009836435317993164
0.008302688598632812
0.008463382720947266
0.008583307266235352
0.011730432510375977
0.009346961975097656
0.010626792907714844
0.007490873336791992
0.007922649383544922
0.007638454437255859
0.008427858352661133
0.007968664169311523
0.009694337844848633
0.00926971435546875
0.011205911636352539
0.00773167610168457
0.008604049682617188
0.007036447525024414
0.00824284553527832
0.013416051864624023
0.012607097625732422
0.009041070938110352
0.01021432876586914
0.009364843368530273
0.009095191955566406
0.0063741207122802734
0.0071218013763427734
0.007938861846923828
0.007982015609741211
0.007512807846069336
0.008999347686767578
0.008242130279541016
0.007178068161010742
0.008919239044189453
0.0074503421783447266
0.007971525192260742
0.01436924934387207
0.009000062942504883
0.012189865112304688
0.014060020446777344
0.0070056915283203125
0.009865760803222656
0.01002955436706543
0.00888681411743164
0.008187055587768555
0.008308649063110352
0.008435487747192383
0.008438825607299805
0.01151895523071289
0.009377002716064453
0.0066945552825927734
0.008202075958251953
0.00812530517578125
0.010854959487915039
0.008047819137573242
0.014736413955688477
0.008026838302612305
0.011875629425048828
0.009826898574829102
0.008592844009399414
0.010289669036865234
0.00969552993774414
0.008462190628051758
0.008089542388916016
0.008335590362548828
0.00833272933959961
0.011670351028442383
0.008521318435668945
0.008882761001586914
0.008309364318847656
0.011353731155395508
0.007684469223022461
0.00842595100402832
0.007797718048095703
0.007968425750732422
0.009132623672485352
0.012159585952758789
0.007854700088500977
0.009093523025512695
0.008133172988891602
0.011527061462402344
0.009958267211914062
0.008574724197387695
0.008528947830200195
0.008343219757080078
0.009429693222045898
0.008640766143798828
0.008098840713500977
0.007928848266601562
0.010819196701049805
0.0067980289459228516
0.008351325988769531
0.009481191635131836
0.00773930549621582
0.008016109466552734
0.008545875549316406
0.008819580078125
0.01322174072265625
0.009815692901611328
0.009624242782592773
0.009338855743408203
0.008301973342895508
0.008020162582397461
0.008218765258789062
0.008471965789794922
0.00883173942565918
0.007897377014160156
0.007295846939086914
0.007946252822875977
0.008312463760375977
0.010461568832397461
0.01012873649597168
0.007523059844970703
0.007489919662475586
0.007504940032958984
0.007993221282958984
0.008816242218017578
0.010002613067626953
0.007344245910644531
0.008451461791992188
0.013524293899536133
0.013143062591552734
0.008622169494628906
0.009057998657226562
0.008219003677368164
0.00951242446899414
0.009850740432739258
0.007871389389038086
0.008658885955810547
0.010566949844360352
0.007844924926757812
0.00818324089050293
0.011515378952026367
0.011754035949707031
0.00848841667175293
0.009043693542480469
0.00829315185546875
0.0077974796295166016
0.008004426956176758
0.009697675704956055
0.010023832321166992
0.00940847396850586
0.007163286209106445
0.00919198989868164
0.007231235504150391
0.009149551391601562
0.007972478866577148
0.008036613464355469
0.008591413497924805
0.012337446212768555
0.01022195816040039
0.008668899536132812
0.008195877075195312
0.008203983306884766
0.007864236831665039
0.008891820907592773
0.009125709533691406
0.008014440536499023
0.007458925247192383
0.01028585433959961
0.008123397827148438
0.007030487060546875
0.007765531539916992
0.008097648620605469
0.008276700973510742
0.007965087890625
0.00762629508972168
0.0077686309814453125
0.009797811508178711
0.008445024490356445
0.008263349533081055
0.009921789169311523
0.010416507720947266
0.006834745407104492
0.007972955703735352
0.007130622863769531
0.008738517761230469
0.008066177368164062
0.008945465087890625
0.01129913330078125
0.007608890533447266
0.009238719940185547
0.0072634220123291016
0.009756326675415039
0.007337331771850586
0.009122133255004883
0.00694727897644043
0.008989810943603516
0.01395106315612793
0.01604628562927246
0.012699365615844727
0.008299827575683594
0.008325338363647461
0.012401819229125977
0.008623838424682617
0.007495403289794922
0.008615732192993164
0.008490800857543945
0.010637760162353516
0.0076410770416259766
0.007399559020996094
0.010592222213745117
0.008776187896728516
0.008196353912353516
0.009927034378051758
0.011186838150024414
0.007875919342041016
0.008116483688354492
0.008595466613769531
0.008619308471679688
0.008638143539428711
0.010123014450073242
0.008595943450927734
0.008160114288330078
0.008845806121826172
0.00989222526550293
0.009063720703125
0.008646011352539062
0.011234760284423828
0.012918233871459961
0.010170698165893555
0.010846138000488281
0.008018255233764648
0.008075237274169922
0.008077144622802734
0.009740352630615234
0.009202718734741211
0.01127934455871582
0.007801532745361328
0.008962869644165039
0.009038209915161133
0.009339094161987305
0.008458852767944336
0.008565425872802734
0.011794805526733398
0.008844375610351562
0.008806467056274414
0.008192300796508789
0.007994413375854492
0.010699987411499023
0.00944662094116211
0.008547067642211914
0.00902414321899414
0.008180618286132812
0.008445262908935547
0.008097410202026367
0.009065866470336914
0.008744001388549805
0.010098934173583984
0.009415149688720703
0.008223295211791992
0.008126020431518555
0.00861978530883789
0.013248682022094727
0.008524417877197266
0.008815765380859375
0.013132572174072266
0.011317968368530273
0.013782978057861328
0.008029699325561523
0.008307456970214844
0.008270263671875
0.008711576461791992
0.008203983306884766
0.008335351943969727
0.008248090744018555
0.011949300765991211
0.01158452033996582
0.011206865310668945
0.00704193115234375
0.0075838565826416016
0.009264707565307617
0.011005640029907227
0.007899284362792969
0.007899045944213867
0.008311033248901367
0.006578207015991211
0.008044004440307617
0.008185625076293945
0.0104217529296875
0.008052825927734375
0.00861668586730957
0.007273197174072266
0.00799417495727539
0.010476112365722656
0.008608818054199219
0.00753474235534668
0.007863044738769531
0.007928609848022461
0.01179814338684082
0.008096933364868164
0.007325649261474609
0.008242130279541016
0.010318517684936523
0.0068280696868896484
0.007642507553100586
0.007013559341430664
0.008325338363647461
0.01149296760559082
0.007681846618652344
0.008123636245727539
0.008565664291381836
0.008096694946289062
0.010567903518676758
0.008516073226928711
0.008359670639038086
0.008532285690307617
0.010705709457397461
0.00809621810913086
0.009154081344604492
0.010410785675048828
0.011127948760986328
0.008353948593139648
0.009971141815185547
0.008698463439941406
0.008151054382324219
0.010501384735107422
0.007858037948608398
0.007974863052368164
0.008130311965942383
0.00815272331237793
0.010156393051147461
0.010553121566772461
0.008198976516723633
0.008866310119628906
0.009534120559692383
0.009284257888793945
0.012184619903564453
0.011240959167480469
0.00930023193359375
0.011262178421020508
0.008686304092407227
0.01043701171875
0.008860111236572266
0.008768796920776367
0.009050607681274414
0.008074283599853516
0.009637117385864258
0.009399652481079102
0.007628917694091797
0.008595705032348633
0.008556365966796875
0.008222341537475586
0.00871896743774414
0.01007080078125
0.008964776992797852
0.00859522819519043
0.008099794387817383
0.010647058486938477
0.008660554885864258
0.0113067626953125
0.009502172470092773
0.014198064804077148
0.015611648559570312
0.010247945785522461
0.00832223892211914
0.00827932357788086
0.011333942413330078
0.010306358337402344
0.007946968078613281
0.01127934455871582
0.009639739990234375
0.01163172721862793
0.012236833572387695
0.008208513259887695
0.009950876235961914
0.009447813034057617
0.009061574935913086
0.009190559387207031
0.009016275405883789
