 * Serving Flask app "__init__" (lazy loading)
 * Environment: production
   WARNING: Do not use the development server in a production environment.
   Use a production WSGI server instead.
 * Debug mode: off
user 5cbcef0dc402aa0ab461beda logged in
0.020572423934936523
0.017400026321411133
0.017325878143310547
0.008758544921875
0.008507251739501953
0.007959604263305664
0.008885622024536133
0.008358001708984375
0.008360624313354492
0.010860919952392578
0.00874781608581543
0.007922887802124023
0.0077855587005615234
0.008582592010498047
0.0073394775390625
0.008447885513305664
0.008864641189575195
0.008284330368041992
0.008458375930786133
0.008666753768920898
0.008835077285766602
0.00796198844909668
0.00820779800415039
0.008910894393920898
0.008642911911010742
0.008708715438842773
0.008366107940673828
0.008221149444580078
0.007734537124633789
0.008024454116821289
0.008427619934082031
0.008289098739624023
0.007784605026245117
0.007796525955200195
0.008778572082519531
0.008450984954833984
0.008501291275024414
0.00879359245300293
0.007983207702636719
0.00807332992553711
0.008397817611694336
0.00782918930053711
0.009798049926757812
0.008386373519897461
0.008424758911132812
user 5cbf984bc402aa3bdf758c76 logged in
user 5cbf984ba8c48737e8d99b55 logged in
0.01661825180053711
0.020695209503173828
0.017496585845947266
0.015072345733642578
0.008280754089355469
0.007938146591186523
0.00874638557434082
0.008061885833740234
0.00781559944152832
0.007024288177490234
0.007835149765014648
0.009136676788330078
0.009099721908569336
0.00801706314086914
0.009694337844848633
0.009288311004638672
0.008416175842285156
0.007749080657958984
0.008704900741577148
0.007923126220703125
0.008500337600708008
0.009153604507446289
0.007740974426269531
0.008465051651000977
0.00822138786315918
0.009978294372558594
0.009633064270019531
0.008414745330810547
0.00857853889465332
0.008136272430419922
0.0077435970306396484
0.008165836334228516
0.008492469787597656
0.008519172668457031
0.008876800537109375
0.008320093154907227
0.007886648178100586
0.00867462158203125
0.008716344833374023
0.008705615997314453
0.008804559707641602
0.008841276168823242
0.008932113647460938
0.008464813232421875
0.008399724960327148
0.008362770080566406
0.008742570877075195
0.008959531784057617
0.00852203369140625
0.008378982543945312
0.008132457733154297
0.008394718170166016
0.008445501327514648
0.008934497833251953
0.008882284164428711
0.008638858795166016
0.008779048919677734
0.008183002471923828
0.00869607925415039
0.008621931076049805
0.009152889251708984
0.008912086486816406
0.008224964141845703
0.008264780044555664
0.008649110794067383
0.00808405876159668
0.008118152618408203
0.009396076202392578
0.008821487426757812
0.009041547775268555
0.008295536041259766
0.008586645126342773
0.0088958740234375
0.00823354721069336
0.008339166641235352
0.008211851119995117
0.009907960891723633
0.008321285247802734
0.008528947830200195
0.008728981018066406
0.010416269302368164
0.007969141006469727
0.00856161117553711
0.008777856826782227
0.011008977890014648
0.008765697479248047
0.008135557174682617
0.00815892219543457
0.008563518524169922
0.009575366973876953
0.009033203125
0.007830619812011719
0.00925898551940918
0.008439064025878906
0.008263349533081055
0.00858163833618164
0.008637666702270508
0.009345769882202148
0.008038520812988281
0.008664131164550781
0.008523702621459961
0.00970005989074707
0.008821487426757812
0.009408712387084961
0.00972127914428711
0.008561849594116211
0.008602380752563477
0.008101463317871094
0.008909940719604492
0.008858442306518555
0.008300304412841797
0.008934259414672852
0.008832454681396484
0.008062362670898438
0.009285211563110352
0.00675201416015625
0.008102655410766602
0.009152412414550781
0.009432315826416016
0.011968612670898438
0.006932497024536133
0.00873565673828125
0.007548809051513672
0.008739948272705078
0.007818937301635742
0.008270978927612305
0.0073697566986083984
0.0084381103515625
0.012333393096923828
0.00885772705078125
0.009578704833984375
0.008463621139526367
0.00886082649230957
0.00806570053100586
0.008119583129882812
0.00806570053100586
0.008859634399414062
0.008197784423828125
0.00776362419128418
0.008583784103393555
0.008087396621704102
0.0077054500579833984
0.009013175964355469
0.008667230606079102
0.00850820541381836
0.009117603302001953
0.008701801300048828
0.008978128433227539
0.008748292922973633
0.008994102478027344
0.007454872131347656
0.009598493576049805
0.00837850570678711
0.007661104202270508
0.00743412971496582
0.008101940155029297
0.008191108703613281
0.008059501647949219
0.008919715881347656
0.008081912994384766
0.008418560028076172
0.008328676223754883
0.009306192398071289
0.009306669235229492
0.00871729850769043
0.008592605590820312
0.008878946304321289
0.008267879486083984
0.008281946182250977
0.008877038955688477
0.008672475814819336
0.011404991149902344
0.007791280746459961
0.007791757583618164
0.008234739303588867
0.009677886962890625
0.009700536727905273
0.008261919021606445
0.008204936981201172
0.008400917053222656
0.008832216262817383
0.008792877197265625
0.00905919075012207
0.00819253921508789
0.008952856063842773
0.008307695388793945
0.008100748062133789
0.009496212005615234
0.00855565071105957
0.009595155715942383
0.008991003036499023
0.009507179260253906
0.009117364883422852
0.008568048477172852
0.008730649948120117
0.009406328201293945
0.009871244430541992
0.008371829986572266
0.009197711944580078
0.008791208267211914
0.008205890655517578
0.0092315673828125
0.008008003234863281
0.009567737579345703
0.008364200592041016
0.010611295700073242
0.008184671401977539
0.008632183074951172
0.007612466812133789
0.009442329406738281
0.00909876823425293
0.008227825164794922
0.009597301483154297
0.008315563201904297
0.008610725402832031
0.014703512191772461
0.008574247360229492
0.008309364318847656
0.008525609970092773
0.010133028030395508
0.009168624877929688
0.0086822509765625
0.009254693984985352
0.008249282836914062
0.008580446243286133
0.00850057601928711
0.008965730667114258
0.009376287460327148
0.008462667465209961
0.009170055389404297
0.008589506149291992
0.010145902633666992
0.008240461349487305
0.009117841720581055
0.009097576141357422
0.008287191390991211
0.007932424545288086
0.008898735046386719
0.008785247802734375
0.008666038513183594
0.007847785949707031
0.008826255798339844
0.008627176284790039
0.00883173942565918
0.008629798889160156
0.008891582489013672
0.008917808532714844
0.008330106735229492
0.008805513381958008
0.009254932403564453
0.008392095565795898
0.008379220962524414
0.008322954177856445
0.008324861526489258
0.00868082046508789
0.009546518325805664
0.008559465408325195
0.008164644241333008
0.008584976196289062
0.008192062377929688
0.008605003356933594
0.008477926254272461
0.008431673049926758
0.008819341659545898
0.008553504943847656
0.009887218475341797
0.008140325546264648
0.008541107177734375
0.010956287384033203
0.008254051208496094
0.007817983627319336
0.009087085723876953
0.007922887802124023
0.009163379669189453
0.007703304290771484
0.011584758758544922
0.009383440017700195
0.00833272933959961
 * Serving Flask app "__init__" (lazy loading)
 * Environment: production
   WARNING: Do not use the development server in a production environment.
   Use a production WSGI server instead.
 * Debug mode: off
user 5cbcef0dc402aa0ab461beda logged in
user 5cbcef0dc402aa0ab461beda logged in
user 5cbcef0dc402aa0ab461beda logged in
----------------------------------------
Exception happened during processing of request from ('192.168.122.11', 38034)
----------------------------------------
 * Serving Flask app "__init__" (lazy loading)
 * Environment: production
   WARNING: Do not use the development server in a production environment.
   Use a production WSGI server instead.
 * Debug mode: off
user 5cbcef0dc402aa0ab461beda logged in
user 5cc07778a8c4877b1eb83a97 logged in
user 5cc07778a8c4877b1eb83a99 logged in
user 5cc07778a8c4877b1eb83a98 logged in
user 5cc07a92a8c4877b1eb83cdb logged in
